# JRE version: Java(TM) SE Runtime Environment (23.0.1+11) (build 23.0.1+11-39)
# Java VM: Java HotSpot(TM) 64-Bit Server VM (23.0.1+11-39, mixed mode, sharing, tiered, compressed oops, compressed class ptrs, g1 gc, windows-amd64)
GC Precious Log:
 CardTable entry size: 512
 Card Set container configuration: InlinePtr #cards 5 size 8 Array Of Cards #cards 10 size 36 Howl #buckets 4 coarsen threshold 1843 Howl Bitmap #cards 512 size 80 coarsen threshold 460 Card regions per heap region 1 cards per card region 2048
 CPUs: 4 total, 4 available
 Memory: 3996M
 Large Page Support: Disabled
 NUMA Support: Disabled
 Compressed Oops: Enabled (32-bit)
 Heap Region Size: 1M
 Heap Min Capacity: 8M
 Heap Initial Capacity: 64M
 Heap Max Capacity: 1000M
 Pre-touch: Disabled
 Parallel Workers: 4
 Concurrent Workers: 1
 Concurrent Refinement Workers: 4
 Periodic GC: Disabled
Heap:
 garbage-first heap   total reserved 1024000K, committed 61440K, used 38153K [0x00000000c1800000, 0x0000000100000000)
  region size 1024K, 5 young (5120K), 2 survivors (2048K)
 Metaspace       used 79485K, committed 80256K, reserved 1179648K
  class space    used 11086K, committed 11392K, reserved 1048576K
GC Heap History (20 events):
Event: 9.573 GC heap before
{Heap before GC invocations=11 (full 0):
 garbage-first heap   total reserved 1024000K, committed 48128K, used 39284K [0x00000000c1800000, 0x0000000100000000)
  region size 1024K, 20 young (20480K), 2 survivors (2048K)
 Metaspace       used 39729K, committed 40320K, reserved 1114112K
  class space    used 5458K, committed 5696K, reserved 1048576K
}
Event: 9.579 GC heap after
{Heap after GC invocations=12 (full 0):
 garbage-first heap   total reserved 1024000K, committed 48128K, used 22647K [0x00000000c1800000, 0x0000000100000000)
  region size 1024K, 3 young (3072K), 3 survivors (3072K)
 Metaspace       used 39729K, committed 40320K, reserved 1114112K
  class space    used 5458K, committed 5696K, reserved 1048576K
}
Event: 10.883 GC heap before
{Heap before GC invocations=12 (full 0):
 garbage-first heap   total reserved 1024000K, committed 48128K, used 41079K [0x00000000c1800000, 0x0000000100000000)
  region size 1024K, 21 young (21504K), 3 survivors (3072K)
 Metaspace       used 48371K, committed 48960K, reserved 1114112K
  class space    used 6506K, committed 6784K, reserved 1048576K
}
Event: 10.894 GC heap after
{Heap after GC invocations=13 (full 0):
 garbage-first heap   total reserved 1024000K, committed 48128K, used 24541K [0x00000000c1800000, 0x0000000100000000)
  region size 1024K, 3 young (3072K), 3 survivors (3072K)
 Metaspace       used 48371K, committed 48960K, reserved 1114112K
  class space    used 6506K, committed 6784K, reserved 1048576K
}
Event: 11.447 GC heap before
{Heap before GC invocations=13 (full 0):
 garbage-first heap   total reserved 1024000K, committed 48128K, used 40925K [0x00000000c1800000, 0x0000000100000000)
  region size 1024K, 20 young (20480K), 3 survivors (3072K)
 Metaspace       used 51945K, committed 52544K, reserved 1114112K
  class space    used 6967K, committed 7232K, reserved 1048576K
}
Event: 11.454 GC heap after
{Heap after GC invocations=14 (full 0):
 garbage-first heap   total reserved 1024000K, committed 48128K, used 25860K [0x00000000c1800000, 0x0000000100000000)
  region size 1024K, 2 young (2048K), 2 survivors (2048K)
 Metaspace       used 51945K, committed 52544K, reserved 1114112K
  class space    used 6967K, committed 7232K, reserved 1048576K
}
Event: 12.111 GC heap before
{Heap before GC invocations=14 (full 0):
 garbage-first heap   total reserved 1024000K, committed 48128K, used 40196K [0x00000000c1800000, 0x0000000100000000)
  region size 1024K, 17 young (17408K), 2 survivors (2048K)
 Metaspace       used 57242K, committed 57856K, reserved 1114112K
  class space    used 7738K, committed 8000K, reserved 1048576K
}
Event: 12.115 GC heap after
{Heap after GC invocations=15 (full 0):
 garbage-first heap   total reserved 1024000K, committed 48128K, used 26471K [0x00000000c1800000, 0x0000000100000000)
  region size 1024K, 2 young (2048K), 2 survivors (2048K)
 Metaspace       used 57242K, committed 57856K, reserved 1114112K
  class space    used 7738K, committed 8000K, reserved 1048576K
}
Event: 12.755 GC heap before
{Heap before GC invocations=16 (full 0):
 garbage-first heap   total reserved 1024000K, committed 48128K, used 40807K [0x00000000c1800000, 0x0000000100000000)
  region size 1024K, 17 young (17408K), 2 survivors (2048K)
 Metaspace       used 60433K, committed 61056K, reserved 1114112K
  class space    used 8368K, committed 8640K, reserved 1048576K
}
Event: 12.761 GC heap after
{Heap after GC invocations=17 (full 0):
 garbage-first heap   total reserved 1024000K, committed 48128K, used 27240K [0x00000000c1800000, 0x0000000100000000)
  region size 1024K, 2 young (2048K), 2 survivors (2048K)
 Metaspace       used 60433K, committed 61056K, reserved 1114112K
  class space    used 8368K, committed 8640K, reserved 1048576K
}
Event: 13.351 GC heap before
{Heap before GC invocations=17 (full 0):
 garbage-first heap   total reserved 1024000K, committed 48128K, used 41576K [0x00000000c1800000, 0x0000000100000000)
  region size 1024K, 16 young (16384K), 2 survivors (2048K)
 Metaspace       used 63731K, committed 64384K, reserved 1114112K
  class space    used 8821K, committed 9088K, reserved 1048576K
}
Event: 13.358 GC heap after
{Heap after GC invocations=18 (full 0):
 garbage-first heap   total reserved 1024000K, committed 58368K, used 27868K [0x00000000c1800000, 0x0000000100000000)
  region size 1024K, 2 young (2048K), 2 survivors (2048K)
 Metaspace       used 63731K, committed 64384K, reserved 1114112K
  class space    used 8821K, committed 9088K, reserved 1048576K
}
Event: 14.351 GC heap before
{Heap before GC invocations=18 (full 0):
 garbage-first heap   total reserved 1024000K, committed 58368K, used 50396K [0x00000000c1800000, 0x0000000100000000)
  region size 1024K, 25 young (25600K), 2 survivors (2048K)
 Metaspace       used 68142K, committed 68800K, reserved 1114112K
  class space    used 9448K, committed 9728K, reserved 1048576K
}
Event: 14.360 GC heap after
{Heap after GC invocations=19 (full 0):
 garbage-first heap   total reserved 1024000K, committed 58368K, used 30130K [0x00000000c1800000, 0x0000000100000000)
  region size 1024K, 4 young (4096K), 4 survivors (4096K)
 Metaspace       used 68142K, committed 68800K, reserved 1114112K
  class space    used 9448K, committed 9728K, reserved 1048576K
}
Event: 28.485 GC heap before
{Heap before GC invocations=20 (full 0):
 garbage-first heap   total reserved 1024000K, committed 58368K, used 48562K [0x00000000c1800000, 0x0000000100000000)
  region size 1024K, 23 young (23552K), 4 survivors (4096K)
 Metaspace       used 71028K, committed 71744K, reserved 1114112K
  class space    used 9894K, committed 10176K, reserved 1048576K
}
Event: 28.503 GC heap after
{Heap after GC invocations=21 (full 0):
 garbage-first heap   total reserved 1024000K, committed 58368K, used 32560K [0x00000000c1800000, 0x0000000100000000)
  region size 1024K, 3 young (3072K), 3 survivors (3072K)
 Metaspace       used 71028K, committed 71744K, reserved 1114112K
  class space    used 9894K, committed 10176K, reserved 1048576K
}
Event: 29.762 GC heap before
{Heap before GC invocations=21 (full 0):
 garbage-first heap   total reserved 1024000K, committed 58368K, used 48944K [0x00000000c1800000, 0x0000000100000000)
  region size 1024K, 20 young (20480K), 3 survivors (3072K)
 Metaspace       used 75868K, committed 76608K, reserved 1179648K
  class space    used 10632K, committed 10944K, reserved 1048576K
}
Event: 29.780 GC heap after
{Heap after GC invocations=22 (full 0):
 garbage-first heap   total reserved 1024000K, committed 58368K, used 34302K [0x00000000c1800000, 0x0000000100000000)
  region size 1024K, 3 young (3072K), 3 survivors (3072K)
 Metaspace       used 75868K, committed 76608K, reserved 1179648K
  class space    used 10632K, committed 10944K, reserved 1048576K
}
Event: 39.367 GC heap before
{Heap before GC invocations=22 (full 0):
 garbage-first heap   total reserved 1024000K, committed 58368K, used 48638K [0x00000000c1800000, 0x0000000100000000)
  region size 1024K, 18 young (18432K), 3 survivors (3072K)
 Metaspace       used 79438K, committed 80128K, reserved 1179648K
  class space    used 11085K, committed 11392K, reserved 1048576K
}
Event: 39.378 GC heap after
{Heap after GC invocations=23 (full 0):
 garbage-first heap   total reserved 1024000K, committed 58368K, used 36105K [0x00000000c1800000, 0x0000000100000000)
  region size 1024K, 2 young (2048K), 2 survivors (2048K)
 Metaspace       used 79438K, committed 80128K, reserved 1179648K
  class space    used 11085K, committed 11392K, reserved 1048576K
}

